
==================================================
### 第 1 次重启 (t=02:53:14)
==================================================
  已 docker restart, 等 45s ...
  ✅ 容器Up
  ✅ 8节点全在
  ✅ /cmd_vel订阅=1
  ✅ Web:5000
  ✅ bridge就绪
  ✅ bridge无异常
  ✅ bridge在打stat
  ❌ 端到端vx=0.15
  ✅ Web→bridge通路
  通过率: 8/9

==================================================
### 第 2 次重启 (t=02:54:21)
==================================================
  已 docker restart, 等 45s ...
  ✅ 容器Up
  ✅ 8节点全在
  ✅ /cmd_vel订阅=1
  ✅ Web:5000
  ✅ bridge就绪
  ✅ bridge无异常
  ✅ bridge在打stat
  ✅ 端到端vx=0.15
  ✅ Web→bridge通路
  通过率: 9/9

==================================================
### 第 3 次重启 (t=02:55:26)
==================================================
  已 docker restart, 等 45s ...
  ✅ 容器Up
  ✅ 8节点全在
  ✅ /cmd_vel订阅=1
  ✅ Web:5000
  ✅ bridge就绪
  ✅ bridge无异常
  ✅ bridge在打stat
  ✅ 端到端vx=0.15
  ✅ Web→bridge通路
  通过率: 9/9

==================================================
### 最终: ⚠️ 存在未通过
==================================================
